Arguments: 
  /usr/local/bin/node /usr/local/Cellar/yarn/1.22.4/libexec/bin/yarn.js init

PATH: 
  /Users/pranav/google-cloud-sdk/bin:/usr/local/opt/ruby/bin:/Users/pranav/anaconda3/bin:/Users/pranav/anaconda3/condabin:/Users/pranav/.cargo/bin:/usr/local/bin:/usr/local/sbin:/usr/bin:/bin:/usr/sbin:/sbin:/Library/Apple/usr/bin:/Library/Frameworks/Mono.framework/Versions/Current/Commands:/Users/pranav/Library/Android/sdk/platform-tools:/Users/pranav/Library/Android/sdk/tools:/Users/pranav/development/flutter/bin/cache/dart-sdk/bin:/Users/pranav/development/flutter/bin:/Users/pranav/development/keys:/Users/pranav/bin/:/Users/pranav/development/mongodb-osx-x86_64-4.0.10/bin:/Users/pranav/Applications/Atom:/Users/pranav/development/mongodb-macos-x86_64-4.4.0/bin

Yarn version: 
  1.22.4

Node version: 
  12.18.1

Platform: 
  darwin x64

Trace: 
  Error: canceled
      at Interface.<anonymous> (/usr/local/Cellar/yarn/1.22.4/libexec/lib/cli.js:137008:13)
      at Interface.emit (events.js:315:20)
      at Interface._ttyWrite (readline.js:866:16)
      at ReadStream.onkeypress (readline.js:205:10)
      at ReadStream.emit (events.js:315:20)
      at emitKeys (internal/readline/utils.js:335:14)
      at emitKeys.next (<anonymous>)
      at ReadStream.onData (readline.js:1133:36)
      at ReadStream.emit (events.js:315:20)
      at addChunk (_stream_readable.js:295:12)

npm manifest: 
  No manifest

yarn manifest: 
  No manifest

Lockfile: 
  No lockfile
